<?xml version="1.0" encoding="utf-8"?><testsuites><testsuite name="pytest" errors="0" failures="0" skipped="0" tests="3" time="0.531" timestamp="2024-09-20T23:02:13.894300" hostname="fatih-ABRA-A7-V12-2"><testcase classname="examples_rclpy_minimal_action_server.actions.minimal_action_server.test.test_copyright" name="test_copyright" time="0.306" /><testcase classname="examples_rclpy_minimal_action_server.actions.minimal_action_server.test.test_flake8" name="test_flake8" time="0.111" /><testcase classname="examples_rclpy_minimal_action_server.actions.minimal_action_server.test.test_pep257" name="test_pep257" time="0.040" /></testsuite></testsuites>