<?xml version="1.0" encoding="utf-8"?><testsuites><testsuite name="pytest" errors="0" failures="0" skipped="0" tests="3" time="0.794" timestamp="2024-09-20T23:02:12.765377" hostname="fatih-ABRA-A7-V12-2"><testcase classname="examples_rclpy_executors.executors.test.test_copyright" name="test_copyright" time="0.465" /><testcase classname="examples_rclpy_executors.executors.test.test_flake8" name="test_flake8" time="0.171" /><testcase classname="examples_rclpy_executors.executors.test.test_pep257" name="test_pep257" time="0.043" /></testsuite></testsuites>